
         /\      Grafana   /‾‾/  
    /\  /  \     |\  __   /  /   
   /  \/    \    | |/ /  /   ‾‾\ 
  /          \   |   (  |  (‾)  |
 / __________ \  |_|\_\  \_____/ 


     execution: local
        script: perf/stress.js
        output: -

     scenarios: (100.00%) 1 scenario, 300 max VUs, 7m30s max duration (incl. graceful stop):
              * default: Up to 300 looping VUs for 7m0s over 4 stages (gracefulRampDown: 30s, gracefulStop: 30s)


running (0m01.0s), 001/300 VUs, 2780 complete and 0 interrupted iterations
default   [   0% ] 001/300 VUs  0m01.0s/7m00.0s

running (0m02.0s), 002/300 VUs, 6736 complete and 0 interrupted iterations
default   [   0% ] 002/300 VUs  0m02.0s/7m00.0s

running (0m03.0s), 003/300 VUs, 11661 complete and 0 interrupted iterations
default   [   1% ] 003/300 VUs  0m03.0s/7m00.0s

running (0m04.0s), 004/300 VUs, 18025 complete and 0 interrupted iterations
default   [   1% ] 004/300 VUs  0m04.0s/7m00.0s

running (0m05.0s), 005/300 VUs, 24618 complete and 0 interrupted iterations
default   [   1% ] 005/300 VUs  0m05.0s/7m00.0s

running (0m06.0s), 005/300 VUs, 30840 complete and 0 interrupted iterations
default   [   1% ] 005/300 VUs  0m06.0s/7m00.0s

running (0m07.0s), 006/300 VUs, 37527 complete and 0 interrupted iterations
default   [   2% ] 006/300 VUs  0m07.0s/7m00.0s

running (0m08.0s), 007/300 VUs, 44892 complete and 0 interrupted iterations
default   [   2% ] 007/300 VUs  0m08.0s/7m00.0s

running (0m09.0s), 008/300 VUs, 53197 complete and 0 interrupted iterations
default   [   2% ] 008/300 VUs  0m09.0s/7m00.0s

running (0m10.0s), 009/300 VUs, 62211 complete and 0 interrupted iterations
default   [   2% ] 009/300 VUs  0m10.0s/7m00.0s

running (0m11.0s), 010/300 VUs, 67701 complete and 0 interrupted iterations
default   [   3% ] 010/300 VUs  0m11.0s/7m00.0s

running (0m12.0s), 010/300 VUs, 77722 complete and 0 interrupted iterations
default   [   3% ] 010/300 VUs  0m12.0s/7m00.0s

running (0m13.0s), 011/300 VUs, 88455 complete and 0 interrupted iterations
default   [   3% ] 011/300 VUs  0m13.0s/7m00.0s

running (0m14.0s), 012/300 VUs, 98574 complete and 0 interrupted iterations
default   [   3% ] 012/300 VUs  0m14.0s/7m00.0s

running (0m15.0s), 013/300 VUs, 108747 complete and 0 interrupted iterations
default   [   4% ] 013/300 VUs  0m15.0s/7m00.0s

running (0m16.0s), 014/300 VUs, 120355 complete and 0 interrupted iterations
default   [   4% ] 014/300 VUs  0m16.0s/7m00.0s

running (0m17.0s), 015/300 VUs, 133742 complete and 0 interrupted iterations
default   [   4% ] 015/300 VUs  0m17.0s/7m00.0s

running (0m18.0s), 015/300 VUs, 147787 complete and 0 interrupted iterations
default   [   4% ] 015/300 VUs  0m18.0s/7m00.0s

running (0m19.0s), 016/300 VUs, 159246 complete and 0 interrupted iterations
default   [   5% ] 016/300 VUs  0m19.0s/7m00.0s

running (0m20.0s), 017/300 VUs, 171243 complete and 0 interrupted iterations
default   [   5% ] 017/300 VUs  0m20.0s/7m00.0s

running (0m21.0s), 018/300 VUs, 183974 complete and 0 interrupted iterations
default   [   5% ] 018/300 VUs  0m21.0s/7m00.0s

running (0m22.0s), 019/300 VUs, 198472 complete and 0 interrupted iterations
default   [   5% ] 019/300 VUs  0m22.0s/7m00.0s

running (0m23.0s), 019/300 VUs, 213631 complete and 0 interrupted iterations
default   [   5% ] 019/300 VUs  0m23.0s/7m00.0s

running (0m24.0s), 020/300 VUs, 229120 complete and 0 interrupted iterations
default   [   6% ] 020/300 VUs  0m24.0s/7m00.0s

running (0m25.0s), 021/300 VUs, 243201 complete and 0 interrupted iterations
default   [   6% ] 021/300 VUs  0m25.0s/7m00.0s

running (0m26.0s), 022/300 VUs, 258693 complete and 0 interrupted iterations
default   [   6% ] 022/300 VUs  0m26.0s/7m00.0s

running (0m27.0s), 023/300 VUs, 274925 complete and 0 interrupted iterations
default   [   6% ] 023/300 VUs  0m27.0s/7m00.0s

running (0m28.0s), 024/300 VUs, 290909 complete and 0 interrupted iterations
default   [   7% ] 024/300 VUs  0m28.0s/7m00.0s

running (0m29.0s), 024/300 VUs, 307574 complete and 0 interrupted iterations
default   [   7% ] 024/300 VUs  0m29.0s/7m00.0s

running (0m30.0s), 025/300 VUs, 324423 complete and 0 interrupted iterations
default   [   7% ] 025/300 VUs  0m30.0s/7m00.0s

running (0m31.0s), 026/300 VUs, 340900 complete and 0 interrupted iterations
default   [   7% ] 026/300 VUs  0m31.0s/7m00.0s

running (0m32.0s), 027/300 VUs, 358155 complete and 0 interrupted iterations
default   [   8% ] 027/300 VUs  0m32.0s/7m00.0s

running (0m33.0s), 028/300 VUs, 375184 complete and 0 interrupted iterations
default   [   8% ] 028/300 VUs  0m33.0s/7m00.0s

running (0m34.0s), 029/300 VUs, 391567 complete and 0 interrupted iterations
default   [   8% ] 029/300 VUs  0m34.0s/7m00.0s

running (0m35.0s), 029/300 VUs, 408360 complete and 0 interrupted iterations
default   [   8% ] 029/300 VUs  0m35.0s/7m00.0s

running (0m36.0s), 030/300 VUs, 426079 complete and 0 interrupted iterations
default   [   9% ] 030/300 VUs  0m36.0s/7m00.0s

running (0m37.0s), 031/300 VUs, 443445 complete and 0 interrupted iterations
default   [   9% ] 031/300 VUs  0m37.0s/7m00.0s

running (0m38.0s), 032/300 VUs, 461606 complete and 0 interrupted iterations
default   [   9% ] 032/300 VUs  0m38.0s/7m00.0s

running (0m39.0s), 033/300 VUs, 476683 complete and 0 interrupted iterations
default   [   9% ] 033/300 VUs  0m39.0s/7m00.0s

running (0m40.0s), 033/300 VUs, 487598 complete and 0 interrupted iterations
default   [  10% ] 033/300 VUs  0m40.0s/7m00.0s

running (0m41.0s), 034/300 VUs, 500301 complete and 0 interrupted iterations
default   [  10% ] 034/300 VUs  0m41.0s/7m00.0s

running (0m42.0s), 035/300 VUs, 515000 complete and 0 interrupted iterations
default   [  10% ] 035/300 VUs  0m42.0s/7m00.0s

running (0m43.0s), 036/300 VUs, 530749 complete and 0 interrupted iterations
default   [  10% ] 036/300 VUs  0m43.0s/7m00.0s

running (0m44.0s), 037/300 VUs, 547927 complete and 0 interrupted iterations
default   [  10% ] 037/300 VUs  0m44.0s/7m00.0s

running (0m45.0s), 038/300 VUs, 565541 complete and 0 interrupted iterations
default   [  11% ] 038/300 VUs  0m45.0s/7m00.0s

running (0m46.0s), 038/300 VUs, 584102 complete and 0 interrupted iterations
default   [  11% ] 038/300 VUs  0m46.0s/7m00.0s

running (0m47.0s), 039/300 VUs, 602813 complete and 0 interrupted iterations
default   [  11% ] 039/300 VUs  0m47.0s/7m00.0s

running (0m48.0s), 040/300 VUs, 621874 complete and 0 interrupted iterations
default   [  11% ] 040/300 VUs  0m48.0s/7m00.0s

running (0m49.0s), 041/300 VUs, 640648 complete and 0 interrupted iterations
default   [  12% ] 041/300 VUs  0m49.0s/7m00.0s

running (0m50.0s), 042/300 VUs, 659559 complete and 0 interrupted iterations
default   [  12% ] 042/300 VUs  0m50.0s/7m00.0s

running (0m51.0s), 043/300 VUs, 677993 complete and 0 interrupted iterations
default   [  12% ] 043/300 VUs  0m51.0s/7m00.0s

running (0m52.0s), 043/300 VUs, 697635 complete and 0 interrupted iterations
default   [  12% ] 043/300 VUs  0m52.0s/7m00.0s

running (0m53.0s), 044/300 VUs, 717173 complete and 0 interrupted iterations
default   [  13% ] 044/300 VUs  0m53.0s/7m00.0s

running (0m54.0s), 045/300 VUs, 736607 complete and 0 interrupted iterations
default   [  13% ] 045/300 VUs  0m54.0s/7m00.0s

running (0m55.0s), 046/300 VUs, 755229 complete and 0 interrupted iterations
default   [  13% ] 046/300 VUs  0m55.0s/7m00.0s

running (0m56.0s), 047/300 VUs, 774485 complete and 0 interrupted iterations
default   [  13% ] 047/300 VUs  0m56.0s/7m00.0s

running (0m57.0s), 048/300 VUs, 794340 complete and 0 interrupted iterations
default   [  14% ] 048/300 VUs  0m57.0s/7m00.0s

running (0m58.0s), 048/300 VUs, 813063 complete and 0 interrupted iterations
default   [  14% ] 048/300 VUs  0m58.0s/7m00.0s

running (0m59.0s), 049/300 VUs, 827901 complete and 0 interrupted iterations
default   [  14% ] 049/300 VUs  0m59.0s/7m00.0s

running (1m00.0s), 050/300 VUs, 844755 complete and 0 interrupted iterations
default   [  14% ] 050/300 VUs  1m00.0s/7m00.0s

running (1m01.0s), 051/300 VUs, 863144 complete and 0 interrupted iterations
default   [  15% ] 051/300 VUs  1m01.0s/7m00.0s

running (1m02.0s), 052/300 VUs, 882807 complete and 0 interrupted iterations
default   [  15% ] 052/300 VUs  1m02.0s/7m00.0s

running (1m03.0s), 052/300 VUs, 902013 complete and 0 interrupted iterations
default   [  15% ] 052/300 VUs  1m03.0s/7m00.0s

running (1m04.0s), 053/300 VUs, 921276 complete and 0 interrupted iterations
default   [  15% ] 053/300 VUs  1m04.0s/7m00.0s

running (1m05.0s), 054/300 VUs, 939859 complete and 0 interrupted iterations
default   [  15% ] 054/300 VUs  1m05.0s/7m00.0s

running (1m06.0s), 055/300 VUs, 958217 complete and 0 interrupted iterations
default   [  16% ] 055/300 VUs  1m06.0s/7m00.0s

running (1m07.0s), 056/300 VUs, 977846 complete and 0 interrupted iterations
default   [  16% ] 056/300 VUs  1m07.0s/7m00.0s

running (1m08.0s), 057/300 VUs, 997418 complete and 0 interrupted iterations
default   [  16% ] 057/300 VUs  1m08.0s/7m00.0s

running (1m09.0s), 057/300 VUs, 1014429 complete and 0 interrupted iterations
default   [  16% ] 057/300 VUs  1m09.0s/7m00.0s

running (1m10.0s), 058/300 VUs, 1030442 complete and 0 interrupted iterations
default   [  17% ] 058/300 VUs  1m10.0s/7m00.0s

running (1m11.0s), 059/300 VUs, 1048724 complete and 0 interrupted iterations
default   [  17% ] 059/300 VUs  1m11.0s/7m00.0s

running (1m12.0s), 060/300 VUs, 1068079 complete and 0 interrupted iterations
default   [  17% ] 060/300 VUs  1m12.0s/7m00.0s

running (1m13.0s), 061/300 VUs, 1087876 complete and 0 interrupted iterations
default   [  17% ] 061/300 VUs  1m13.0s/7m00.0s

running (1m14.0s), 062/300 VUs, 1108009 complete and 0 interrupted iterations
default   [  18% ] 062/300 VUs  1m14.0s/7m00.0s

running (1m15.0s), 062/300 VUs, 1126993 complete and 0 interrupted iterations
default   [  18% ] 062/300 VUs  1m15.0s/7m00.0s

running (1m16.0s), 063/300 VUs, 1147451 complete and 0 interrupted iterations
default   [  18% ] 063/300 VUs  1m16.0s/7m00.0s

running (1m17.0s), 064/300 VUs, 1167278 complete and 0 interrupted iterations
default   [  18% ] 064/300 VUs  1m17.0s/7m00.0s

running (1m18.0s), 065/300 VUs, 1187193 complete and 0 interrupted iterations
default   [  19% ] 065/300 VUs  1m18.0s/7m00.0s

running (1m19.0s), 066/300 VUs, 1207314 complete and 0 interrupted iterations
default   [  19% ] 066/300 VUs  1m19.0s/7m00.0s

running (1m20.0s), 066/300 VUs, 1226447 complete and 0 interrupted iterations
default   [  19% ] 066/300 VUs  1m20.0s/7m00.0s

running (1m21.0s), 067/300 VUs, 1245950 complete and 0 interrupted iterations
default   [  19% ] 067/300 VUs  1m21.0s/7m00.0s

running (1m22.0s), 068/300 VUs, 1265324 complete and 0 interrupted iterations
default   [  20% ] 068/300 VUs  1m22.0s/7m00.0s

running (1m23.0s), 069/300 VUs, 1284033 complete and 0 interrupted iterations
default   [  20% ] 069/300 VUs  1m23.0s/7m00.0s

running (1m24.0s), 070/300 VUs, 1303100 complete and 0 interrupted iterations
default   [  20% ] 070/300 VUs  1m24.0s/7m00.0s

running (1m25.0s), 071/300 VUs, 1321275 complete and 0 interrupted iterations
default   [  20% ] 071/300 VUs  1m25.0s/7m00.0s

running (1m26.0s), 071/300 VUs, 1339347 complete and 0 interrupted iterations
default   [  20% ] 071/300 VUs  1m26.0s/7m00.0s

running (1m27.0s), 072/300 VUs, 1358486 complete and 0 interrupted iterations
default   [  21% ] 072/300 VUs  1m27.0s/7m00.0s

running (1m28.0s), 073/300 VUs, 1379334 complete and 0 interrupted iterations
default   [  21% ] 073/300 VUs  1m28.0s/7m00.0s

running (1m29.0s), 074/300 VUs, 1399069 complete and 0 interrupted iterations
default   [  21% ] 074/300 VUs  1m29.0s/7m00.0s

running (1m30.0s), 075/300 VUs, 1419341 complete and 0 interrupted iterations
default   [  21% ] 075/300 VUs  1m30.0s/7m00.0s

running (1m31.0s), 076/300 VUs, 1439122 complete and 0 interrupted iterations
default   [  22% ] 076/300 VUs  1m31.0s/7m00.0s

running (1m32.0s), 076/300 VUs, 1459903 complete and 0 interrupted iterations
default   [  22% ] 076/300 VUs  1m32.0s/7m00.0s

running (1m33.0s), 077/300 VUs, 1480528 complete and 0 interrupted iterations
default   [  22% ] 077/300 VUs  1m33.0s/7m00.0s

running (1m34.0s), 078/300 VUs, 1500891 complete and 0 interrupted iterations
default   [  22% ] 078/300 VUs  1m34.0s/7m00.0s

running (1m35.0s), 079/300 VUs, 1520353 complete and 0 interrupted iterations
default   [  23% ] 079/300 VUs  1m35.0s/7m00.0s

running (1m36.0s), 080/300 VUs, 1540812 complete and 0 interrupted iterations
default   [  23% ] 080/300 VUs  1m36.0s/7m00.0s

running (1m37.0s), 081/300 VUs, 1560715 complete and 0 interrupted iterations
default   [  23% ] 081/300 VUs  1m37.0s/7m00.0s

running (1m38.0s), 081/300 VUs, 1580757 complete and 0 interrupted iterations
default   [  23% ] 081/300 VUs  1m38.0s/7m00.0s

running (1m39.0s), 082/300 VUs, 1598512 complete and 0 interrupted iterations
default   [  24% ] 082/300 VUs  1m39.0s/7m00.0s

running (1m40.0s), 083/300 VUs, 1615485 complete and 0 interrupted iterations
default   [  24% ] 083/300 VUs  1m40.0s/7m00.0s

running (1m41.0s), 084/300 VUs, 1633456 complete and 0 interrupted iterations
default   [  24% ] 084/300 VUs  1m41.0s/7m00.0s

running (1m42.0s), 085/300 VUs, 1653345 complete and 0 interrupted iterations
default   [  24% ] 085/300 VUs  1m42.0s/7m00.0s

running (1m43.0s), 085/300 VUs, 1673255 complete and 0 interrupted iterations
default   [  25% ] 085/300 VUs  1m43.0s/7m00.0s

running (1m44.0s), 086/300 VUs, 1690478 complete and 0 interrupted iterations
default   [  25% ] 086/300 VUs  1m44.0s/7m00.0s

running (1m45.0s), 087/300 VUs, 1705777 complete and 0 interrupted iterations
default   [  25% ] 087/300 VUs  1m45.0s/7m00.0s

running (1m46.0s), 088/300 VUs, 1726370 complete and 0 interrupted iterations
default   [  25% ] 088/300 VUs  1m46.0s/7m00.0s

running (1m47.0s), 089/300 VUs, 1747200 complete and 0 interrupted iterations
default   [  25% ] 089/300 VUs  1m47.0s/7m00.0s

running (1m48.0s), 090/300 VUs, 1767992 complete and 0 interrupted iterations
default   [  26% ] 090/300 VUs  1m48.0s/7m00.0s

running (1m49.0s), 090/300 VUs, 1788551 complete and 0 interrupted iterations
default   [  26% ] 090/300 VUs  1m49.0s/7m00.0s

running (1m50.0s), 091/300 VUs, 1809311 complete and 0 interrupted iterations
default   [  26% ] 091/300 VUs  1m50.0s/7m00.0s

running (1m51.0s), 092/300 VUs, 1830746 complete and 0 interrupted iterations
default   [  26% ] 092/300 VUs  1m51.0s/7m00.0s

running (1m52.0s), 093/300 VUs, 1851546 complete and 0 interrupted iterations
default   [  27% ] 093/300 VUs  1m52.0s/7m00.0s

running (1m53.0s), 094/300 VUs, 1870185 complete and 0 interrupted iterations
default   [  27% ] 094/300 VUs  1m53.0s/7m00.0s

running (1m54.0s), 095/300 VUs, 1891166 complete and 0 interrupted iterations
default   [  27% ] 095/300 VUs  1m54.0s/7m00.0s

running (1m55.0s), 095/300 VUs, 1911455 complete and 0 interrupted iterations
default   [  27% ] 095/300 VUs  1m55.0s/7m00.0s

running (1m56.0s), 096/300 VUs, 1932688 complete and 0 interrupted iterations
default   [  28% ] 096/300 VUs  1m56.0s/7m00.0s

running (1m57.0s), 097/300 VUs, 1953843 complete and 0 interrupted iterations
default   [  28% ] 097/300 VUs  1m57.0s/7m00.0s

running (1m58.0s), 098/300 VUs, 1974807 complete and 0 interrupted iterations
default   [  28% ] 098/300 VUs  1m58.0s/7m00.0s

running (1m59.0s), 099/300 VUs, 1996462 complete and 0 interrupted iterations
default   [  28% ] 099/300 VUs  1m59.0s/7m00.0s

running (2m00.0s), 099/300 VUs, 2017260 complete and 0 interrupted iterations
default   [  29% ] 099/300 VUs  2m00.0s/7m00.0s

running (2m01.0s), 100/300 VUs, 2037778 complete and 0 interrupted iterations
default   [  29% ] 100/300 VUs  2m01.0s/7m00.0s

running (2m02.0s), 101/300 VUs, 2058608 complete and 0 interrupted iterations
default   [  29% ] 101/300 VUs  2m02.0s/7m00.0s

running (2m03.0s), 102/300 VUs, 2077418 complete and 0 interrupted iterations
default   [  29% ] 102/300 VUs  2m03.0s/7m00.0s

running (2m04.0s), 103/300 VUs, 2097917 complete and 0 interrupted iterations
default   [  30% ] 103/300 VUs  2m04.0s/7m00.0s

running (2m05.0s), 104/300 VUs, 2117895 complete and 0 interrupted iterations
default   [  30% ] 104/300 VUs  2m05.0s/7m00.0s

running (2m06.0s), 104/300 VUs, 2138435 complete and 0 interrupted iterations
default   [  30% ] 104/300 VUs  2m06.0s/7m00.0s

running (2m07.0s), 105/300 VUs, 2160769 complete and 0 interrupted iterations
default   [  30% ] 105/300 VUs  2m07.0s/7m00.0s

running (2m08.0s), 106/300 VUs, 2180989 complete and 0 interrupted iterations
default   [  30% ] 106/300 VUs  2m08.0s/7m00.0s

running (2m09.0s), 107/300 VUs, 2198508 complete and 0 interrupted iterations
default   [  31% ] 107/300 VUs  2m09.0s/7m00.0s

running (2m10.0s), 108/300 VUs, 2215425 complete and 0 interrupted iterations
default   [  31% ] 108/300 VUs  2m10.0s/7m00.0s

running (2m11.0s), 109/300 VUs, 2233738 complete and 0 interrupted iterations
default   [  31% ] 109/300 VUs  2m11.0s/7m00.0s

running (2m12.0s), 109/300 VUs, 2254790 complete and 0 interrupted iterations
default   [  31% ] 109/300 VUs  2m12.0s/7m00.0s

running (2m13.0s), 110/300 VUs, 2275787 complete and 0 interrupted iterations
default   [  32% ] 110/300 VUs  2m13.0s/7m00.0s

running (2m14.0s), 111/300 VUs, 2296916 complete and 0 interrupted iterations
default   [  32% ] 111/300 VUs  2m14.0s/7m00.0s

running (2m15.0s), 112/300 VUs, 2316902 complete and 0 interrupted iterations
default   [  32% ] 112/300 VUs  2m15.0s/7m00.0s

running (2m16.0s), 113/300 VUs, 2337591 complete and 0 interrupted iterations
default   [  32% ] 113/300 VUs  2m16.0s/7m00.0s

running (2m17.0s), 114/300 VUs, 2358490 complete and 0 interrupted iterations
default   [  33% ] 114/300 VUs  2m17.0s/7m00.0s

running (2m18.0s), 114/300 VUs, 2379016 complete and 0 interrupted iterations
default   [  33% ] 114/300 VUs  2m18.0s/7m00.0s

running (2m19.0s), 115/300 VUs, 2399630 complete and 0 interrupted iterations
default   [  33% ] 115/300 VUs  2m19.0s/7m00.0s

running (2m20.0s), 116/300 VUs, 2421107 complete and 0 interrupted iterations
default   [  33% ] 116/300 VUs  2m20.0s/7m00.0s

running (2m21.0s), 117/300 VUs, 2441959 complete and 0 interrupted iterations
default   [  34% ] 117/300 VUs  2m21.0s/7m00.0s

running (2m22.0s), 118/300 VUs, 2463508 complete and 0 interrupted iterations
default   [  34% ] 118/300 VUs  2m22.0s/7m00.0s

running (2m23.0s), 119/300 VUs, 2481661 complete and 0 interrupted iterations
default   [  34% ] 119/300 VUs  2m23.0s/7m00.0s

running (2m24.0s), 119/300 VUs, 2501478 complete and 0 interrupted iterations
default   [  34% ] 119/300 VUs  2m24.0s/7m00.0s

running (2m25.0s), 120/300 VUs, 2520672 complete and 0 interrupted iterations
default   [  35% ] 120/300 VUs  2m25.0s/7m00.0s

running (2m26.0s), 121/300 VUs, 2540634 complete and 0 interrupted iterations
default   [  35% ] 121/300 VUs  2m26.0s/7m00.0s

running (2m27.0s), 122/300 VUs, 2561672 complete and 0 interrupted iterations
default   [  35% ] 122/300 VUs  2m27.0s/7m00.0s

running (2m28.0s), 123/300 VUs, 2582086 complete and 0 interrupted iterations
default   [  35% ] 123/300 VUs  2m28.0s/7m00.0s

running (2m29.0s), 124/300 VUs, 2597852 complete and 0 interrupted iterations
default   [  35% ] 124/300 VUs  2m29.0s/7m00.0s

running (2m30.0s), 124/300 VUs, 2614802 complete and 0 interrupted iterations
default   [  36% ] 124/300 VUs  2m30.0s/7m00.0s

running (2m31.0s), 125/300 VUs, 2632599 complete and 0 interrupted iterations
default   [  36% ] 125/300 VUs  2m31.0s/7m00.0s

running (2m32.0s), 126/300 VUs, 2653145 complete and 0 interrupted iterations
default   [  36% ] 126/300 VUs  2m32.0s/7m00.0s

running (2m33.0s), 127/300 VUs, 2672073 complete and 0 interrupted iterations
default   [  36% ] 127/300 VUs  2m33.0s/7m00.0s

running (2m34.0s), 128/300 VUs, 2692362 complete and 0 interrupted iterations
default   [  37% ] 128/300 VUs  2m34.0s/7m00.0s

running (2m35.0s), 129/300 VUs, 2710964 complete and 0 interrupted iterations
default   [  37% ] 129/300 VUs  2m35.0s/7m00.0s

running (2m36.0s), 129/300 VUs, 2729211 complete and 0 interrupted iterations
default   [  37% ] 129/300 VUs  2m36.0s/7m00.0s

running (2m37.0s), 130/300 VUs, 2748883 complete and 0 interrupted iterations
default   [  37% ] 130/300 VUs  2m37.0s/7m00.0s

running (2m38.0s), 131/300 VUs, 2769613 complete and 0 interrupted iterations
default   [  38% ] 131/300 VUs  2m38.0s/7m00.0s

running (2m39.0s), 132/300 VUs, 2786320 complete and 0 interrupted iterations
default   [  38% ] 132/300 VUs  2m39.0s/7m00.0s

running (2m40.0s), 133/300 VUs, 2801720 complete and 0 interrupted iterations
default   [  38% ] 133/300 VUs  2m40.0s/7m00.0s

running (2m41.0s), 134/300 VUs, 2817652 complete and 0 interrupted iterations
default   [  38% ] 134/300 VUs  2m41.0s/7m00.0s

running (2m42.0s), 134/300 VUs, 2838123 complete and 0 interrupted iterations
default   [  39% ] 134/300 VUs  2m42.0s/7m00.0s

running (2m43.0s), 135/300 VUs, 2858311 complete and 0 interrupted iterations
default   [  39% ] 135/300 VUs  2m43.0s/7m00.0s

running (2m44.0s), 136/300 VUs, 2878950 complete and 0 interrupted iterations
default   [  39% ] 136/300 VUs  2m44.0s/7m00.0s

running (2m45.0s), 137/300 VUs, 2898452 complete and 0 interrupted iterations
default   [  39% ] 137/300 VUs  2m45.0s/7m00.0s

running (2m46.0s), 138/300 VUs, 2919095 complete and 0 interrupted iterations
default   [  40% ] 138/300 VUs  2m46.0s/7m00.0s

running (2m47.0s), 139/300 VUs, 2938036 complete and 0 interrupted iterations
default   [  40% ] 139/300 VUs  2m47.0s/7m00.0s

running (2m48.0s), 139/300 VUs, 2958497 complete and 0 interrupted iterations
default   [  40% ] 139/300 VUs  2m48.0s/7m00.0s

running (2m49.0s), 140/300 VUs, 2979128 complete and 0 interrupted iterations
default   [  40% ] 140/300 VUs  2m49.0s/7m00.0s

running (2m50.0s), 141/300 VUs, 2999344 complete and 0 interrupted iterations
default   [  40% ] 141/300 VUs  2m50.0s/7m00.0s

running (2m51.0s), 142/300 VUs, 3019913 complete and 0 interrupted iterations
default   [  41% ] 142/300 VUs  2m51.0s/7m00.0s

running (2m52.0s), 143/300 VUs, 3040600 complete and 0 interrupted iterations
default   [  41% ] 143/300 VUs  2m52.0s/7m00.0s

running (2m53.0s), 144/300 VUs, 3059980 complete and 0 interrupted iterations
default   [  41% ] 144/300 VUs  2m53.0s/7m00.0s

running (2m54.0s), 144/300 VUs, 3079488 complete and 0 interrupted iterations
default   [  41% ] 144/300 VUs  2m54.0s/7m00.0s

running (2m55.0s), 145/300 VUs, 3098891 complete and 0 interrupted iterations
default   [  42% ] 145/300 VUs  2m55.0s/7m00.0s

running (2m56.0s), 146/300 VUs, 3118226 complete and 0 interrupted iterations
default   [  42% ] 146/300 VUs  2m56.0s/7m00.0s

running (2m57.0s), 147/300 VUs, 3138674 complete and 0 interrupted iterations
default   [  42% ] 147/300 VUs  2m57.0s/7m00.0s

running (2m58.0s), 148/300 VUs, 3159394 complete and 0 interrupted iterations
default   [  42% ] 148/300 VUs  2m58.0s/7m00.0s

running (2m59.0s), 149/300 VUs, 3180181 complete and 0 interrupted iterations
default   [  43% ] 149/300 VUs  2m59.0s/7m00.0s

running (3m00.0s), 149/300 VUs, 3200848 complete and 0 interrupted iterations
default   [  43% ] 149/300 VUs  3m00.0s/7m00.0s

running (3m01.0s), 150/300 VUs, 3221269 complete and 0 interrupted iterations
default   [  43% ] 150/300 VUs  3m01.0s/7m00.0s

running (3m02.0s), 151/300 VUs, 3240422 complete and 0 interrupted iterations
default   [  43% ] 151/300 VUs  3m02.0s/7m00.0s

running (3m03.0s), 152/300 VUs, 3258232 complete and 0 interrupted iterations
default   [  44% ] 152/300 VUs  3m03.0s/7m00.0s

running (3m04.0s), 153/300 VUs, 3273710 complete and 0 interrupted iterations
default   [  44% ] 153/300 VUs  3m04.0s/7m00.0s

running (3m05.0s), 154/300 VUs, 3289451 complete and 0 interrupted iterations
default   [  44% ] 154/300 VUs  3m05.0s/7m00.0s

running (3m06.0s), 154/300 VUs, 3306254 complete and 0 interrupted iterations
default   [  44% ] 154/300 VUs  3m06.0s/7m00.0s

running (3m07.0s), 155/300 VUs, 3324239 complete and 0 interrupted iterations
default   [  45% ] 155/300 VUs  3m07.0s/7m00.0s

running (3m08.0s), 156/300 VUs, 3344369 complete and 0 interrupted iterations
default   [  45% ] 156/300 VUs  3m08.0s/7m00.0s

running (3m09.0s), 157/300 VUs, 3359149 complete and 0 interrupted iterations
default   [  45% ] 157/300 VUs  3m09.0s/7m00.0s

running (3m10.0s), 158/300 VUs, 3368659 complete and 0 interrupted iterations
default   [  45% ] 158/300 VUs  3m10.0s/7m00.0s

running (3m11.0s), 159/300 VUs, 3384652 complete and 0 interrupted iterations
default   [  45% ] 159/300 VUs  3m11.0s/7m00.0s

running (3m12.0s), 159/300 VUs, 3404079 complete and 0 interrupted iterations
default   [  46% ] 159/300 VUs  3m12.0s/7m00.0s

running (3m13.0s), 160/300 VUs, 3424250 complete and 0 interrupted iterations
default   [  46% ] 160/300 VUs  3m13.0s/7m00.0s

running (3m14.0s), 161/300 VUs, 3442012 complete and 0 interrupted iterations
default   [  46% ] 161/300 VUs  3m14.0s/7m00.0s

running (3m15.0s), 162/300 VUs, 3456890 complete and 0 interrupted iterations
default   [  46% ] 162/300 VUs  3m15.0s/7m00.0s

running (3m16.0s), 163/300 VUs, 3473037 complete and 0 interrupted iterations
default   [  47% ] 163/300 VUs  3m16.0s/7m00.0s

running (3m17.0s), 164/300 VUs, 3492193 complete and 0 interrupted iterations
default   [  47% ] 164/300 VUs  3m17.0s/7m00.0s

running (3m18.0s), 164/300 VUs, 3512247 complete and 0 interrupted iterations
default   [  47% ] 164/300 VUs  3m18.0s/7m00.0s

running (3m19.0s), 165/300 VUs, 3532491 complete and 0 interrupted iterations
default   [  47% ] 165/300 VUs  3m19.0s/7m00.0s

running (3m20.0s), 166/300 VUs, 3552970 complete and 0 interrupted iterations
default   [  48% ] 166/300 VUs  3m20.0s/7m00.0s

running (3m21.0s), 167/300 VUs, 3574337 complete and 0 interrupted iterations
default   [  48% ] 167/300 VUs  3m21.0s/7m00.0s

running (3m22.0s), 168/300 VUs, 3595629 complete and 0 interrupted iterations
default   [  48% ] 168/300 VUs  3m22.0s/7m00.0s

running (3m23.0s), 169/300 VUs, 3615478 complete and 0 interrupted iterations
default   [  48% ] 169/300 VUs  3m23.0s/7m00.0s

running (3m24.0s), 169/300 VUs, 3636700 complete and 0 interrupted iterations
default   [  49% ] 169/300 VUs  3m24.0s/7m00.0s

running (3m25.0s), 170/300 VUs, 3654407 complete and 0 interrupted iterations
default   [  49% ] 170/300 VUs  3m25.0s/7m00.0s

running (3m26.0s), 171/300 VUs, 3674416 complete and 0 interrupted iterations
default   [  49% ] 171/300 VUs  3m26.0s/7m00.0s

running (3m27.0s), 172/300 VUs, 3694594 complete and 0 interrupted iterations
default   [  49% ] 172/300 VUs  3m27.0s/7m00.0s

running (3m28.0s), 173/300 VUs, 3715314 complete and 0 interrupted iterations
default   [  50% ] 173/300 VUs  3m28.0s/7m00.0s

running (3m29.0s), 174/300 VUs, 3736630 complete and 0 interrupted iterations
default   [  50% ] 174/300 VUs  3m29.0s/7m00.0s

running (3m30.0s), 174/300 VUs, 3757949 complete and 0 interrupted iterations
default   [  50% ] 174/300 VUs  3m30.0s/7m00.0s

running (3m31.0s), 175/300 VUs, 3779729 complete and 0 interrupted iterations
default   [  50% ] 175/300 VUs  3m31.0s/7m00.0s

running (3m32.0s), 176/300 VUs, 3800628 complete and 0 interrupted iterations
default   [  50% ] 176/300 VUs  3m32.0s/7m00.0s

running (3m33.0s), 177/300 VUs, 3821658 complete and 0 interrupted iterations
default   [  51% ] 177/300 VUs  3m33.0s/7m00.0s

running (3m34.0s), 178/300 VUs, 3842233 complete and 0 interrupted iterations
default   [  51% ] 178/300 VUs  3m34.0s/7m00.0s

running (3m35.0s), 179/300 VUs, 3862525 complete and 0 interrupted iterations
default   [  51% ] 179/300 VUs  3m35.0s/7m00.0s

running (3m36.0s), 179/300 VUs, 3882519 complete and 0 interrupted iterations
default   [  51% ] 179/300 VUs  3m36.0s/7m00.0s

running (3m37.0s), 180/300 VUs, 3903237 complete and 0 interrupted iterations
default   [  52% ] 180/300 VUs  3m37.0s/7m00.0s

running (3m38.0s), 181/300 VUs, 3923554 complete and 0 interrupted iterations
default   [  52% ] 181/300 VUs  3m38.0s/7m00.0s

running (3m39.0s), 182/300 VUs, 3941217 complete and 0 interrupted iterations
default   [  52% ] 182/300 VUs  3m39.0s/7m00.0s

running (3m40.0s), 183/300 VUs, 3958512 complete and 0 interrupted iterations
default   [  52% ] 183/300 VUs  3m40.0s/7m00.0s

running (3m41.0s), 184/300 VUs, 3976070 complete and 0 interrupted iterations
default   [  53% ] 184/300 VUs  3m41.0s/7m00.0s

running (3m42.0s), 184/300 VUs, 3997476 complete and 0 interrupted iterations
default   [  53% ] 184/300 VUs  3m42.0s/7m00.0s

running (3m43.0s), 185/300 VUs, 4016613 complete and 0 interrupted iterations
default   [  53% ] 185/300 VUs  3m43.0s/7m00.0s

running (3m44.0s), 186/300 VUs, 4037049 complete and 0 interrupted iterations
default   [  53% ] 186/300 VUs  3m44.0s/7m00.0s

running (3m45.0s), 187/300 VUs, 4053623 complete and 0 interrupted iterations
default   [  54% ] 187/300 VUs  3m45.0s/7m00.0s

running (3m46.0s), 188/300 VUs, 4073544 complete and 0 interrupted iterations
default   [  54% ] 188/300 VUs  3m46.0s/7m00.0s

running (3m47.0s), 189/300 VUs, 4093838 complete and 0 interrupted iterations
default   [  54% ] 189/300 VUs  3m47.0s/7m00.0s

running (3m48.0s), 189/300 VUs, 4115330 complete and 0 interrupted iterations
default   [  54% ] 189/300 VUs  3m48.0s/7m00.0s

running (3m49.0s), 190/300 VUs, 4137057 complete and 0 interrupted iterations
default   [  55% ] 190/300 VUs  3m49.0s/7m00.0s

running (3m50.0s), 191/300 VUs, 4158710 complete and 0 interrupted iterations
default   [  55% ] 191/300 VUs  3m50.0s/7m00.0s

running (3m51.0s), 192/300 VUs, 4179877 complete and 0 interrupted iterations
default   [  55% ] 192/300 VUs  3m51.0s/7m00.0s

running (3m52.0s), 193/300 VUs, 4202243 complete and 0 interrupted iterations
default   [  55% ] 193/300 VUs  3m52.0s/7m00.0s

running (3m53.0s), 194/300 VUs, 4221356 complete and 0 interrupted iterations
default   [  55% ] 194/300 VUs  3m53.0s/7m00.0s

running (3m54.0s), 194/300 VUs, 4240206 complete and 0 interrupted iterations
default   [  56% ] 194/300 VUs  3m54.0s/7m00.0s

running (3m55.0s), 195/300 VUs, 4258096 complete and 0 interrupted iterations
default   [  56% ] 195/300 VUs  3m55.0s/7m00.0s

running (3m56.0s), 196/300 VUs, 4277896 complete and 0 interrupted iterations
default   [  56% ] 196/300 VUs  3m56.0s/7m00.0s

running (3m57.0s), 197/300 VUs, 4298786 complete and 0 interrupted iterations
default   [  56% ] 197/300 VUs  3m57.0s/7m00.0s

running (3m58.0s), 198/300 VUs, 4320892 complete and 0 interrupted iterations
default   [  57% ] 198/300 VUs  3m58.0s/7m00.0s

running (3m59.0s), 199/300 VUs, 4339511 complete and 0 interrupted iterations
default   [  57% ] 199/300 VUs  3m59.0s/7m00.0s

running (4m00.0s), 199/300 VUs, 4356326 complete and 0 interrupted iterations
default   [  57% ] 199/300 VUs  4m00.0s/7m00.0s

running (4m01.0s), 200/300 VUs, 4372826 complete and 0 interrupted iterations
default   [  57% ] 200/300 VUs  4m01.0s/7m00.0s

running (4m02.0s), 201/300 VUs, 4394060 complete and 0 interrupted iterations
default   [  58% ] 201/300 VUs  4m02.0s/7m00.0s

running (4m03.0s), 202/300 VUs, 4414415 complete and 0 interrupted iterations
default   [  58% ] 202/300 VUs  4m03.0s/7m00.0s

running (4m04.0s), 203/300 VUs, 4436108 complete and 0 interrupted iterations
default   [  58% ] 203/300 VUs  4m04.0s/7m00.0s

running (4m05.0s), 204/300 VUs, 4455317 complete and 0 interrupted iterations
default   [  58% ] 204/300 VUs  4m05.0s/7m00.0s

running (4m06.0s), 204/300 VUs, 4477012 complete and 0 interrupted iterations
default   [  59% ] 204/300 VUs  4m06.0s/7m00.0s

running (4m07.0s), 205/300 VUs, 4498103 complete and 0 interrupted iterations
default   [  59% ] 205/300 VUs  4m07.0s/7m00.0s

running (4m08.0s), 206/300 VUs, 4520363 complete and 0 interrupted iterations
default   [  59% ] 206/300 VUs  4m08.0s/7m00.0s

running (4m09.0s), 207/300 VUs, 4538965 complete and 0 interrupted iterations
default   [  59% ] 207/300 VUs  4m09.0s/7m00.0s

running (4m10.0s), 208/300 VUs, 4557303 complete and 0 interrupted iterations
default   [  60% ] 208/300 VUs  4m10.0s/7m00.0s

running (4m11.0s), 209/300 VUs, 4576291 complete and 0 interrupted iterations
default   [  60% ] 209/300 VUs  4m11.0s/7m00.0s

running (4m12.0s), 209/300 VUs, 4597795 complete and 0 interrupted iterations
default   [  60% ] 209/300 VUs  4m12.0s/7m00.0s

running (4m13.0s), 210/300 VUs, 4619092 complete and 0 interrupted iterations
default   [  60% ] 210/300 VUs  4m13.0s/7m00.0s

running (4m14.0s), 211/300 VUs, 4640742 complete and 0 interrupted iterations
default   [  60% ] 211/300 VUs  4m14.0s/7m00.0s

running (4m15.0s), 212/300 VUs, 4661905 complete and 0 interrupted iterations
default   [  61% ] 212/300 VUs  4m15.0s/7m00.0s

running (4m16.0s), 213/300 VUs, 4684238 complete and 0 interrupted iterations
default   [  61% ] 213/300 VUs  4m16.0s/7m00.0s

running (4m17.0s), 214/300 VUs, 4705678 complete and 0 interrupted iterations
default   [  61% ] 214/300 VUs  4m17.0s/7m00.0s

running (4m18.0s), 214/300 VUs, 4726679 complete and 0 interrupted iterations
default   [  61% ] 214/300 VUs  4m18.0s/7m00.0s

running (4m19.0s), 215/300 VUs, 4747174 complete and 0 interrupted iterations
default   [  62% ] 215/300 VUs  4m19.0s/7m00.0s

running (4m20.0s), 216/300 VUs, 4769659 complete and 0 interrupted iterations
default   [  62% ] 216/300 VUs  4m20.0s/7m00.0s

running (4m21.0s), 217/300 VUs, 4792407 complete and 0 interrupted iterations
default   [  62% ] 217/300 VUs  4m21.0s/7m00.0s

running (4m22.0s), 218/300 VUs, 4814203 complete and 0 interrupted iterations
default   [  62% ] 218/300 VUs  4m22.0s/7m00.0s

running (4m23.0s), 219/300 VUs, 4833863 complete and 0 interrupted iterations
default   [  63% ] 219/300 VUs  4m23.0s/7m00.0s

running (4m24.0s), 219/300 VUs, 4855256 complete and 0 interrupted iterations
default   [  63% ] 219/300 VUs  4m24.0s/7m00.0s

running (4m25.0s), 220/300 VUs, 4874356 complete and 0 interrupted iterations
default   [  63% ] 220/300 VUs  4m25.0s/7m00.0s

running (4m26.0s), 221/300 VUs, 4894110 complete and 0 interrupted iterations
default   [  63% ] 221/300 VUs  4m26.0s/7m00.0s

running (4m27.0s), 222/300 VUs, 4914273 complete and 0 interrupted iterations
default   [  64% ] 222/300 VUs  4m27.0s/7m00.0s

running (4m28.0s), 223/300 VUs, 4935251 complete and 0 interrupted iterations
default   [  64% ] 223/300 VUs  4m28.0s/7m00.0s

running (4m29.0s), 224/300 VUs, 4956829 complete and 0 interrupted iterations
default   [  64% ] 224/300 VUs  4m29.0s/7m00.0s

running (4m30.0s), 224/300 VUs, 4977744 complete and 0 interrupted iterations
default   [  64% ] 224/300 VUs  4m30.0s/7m00.0s

running (4m31.0s), 225/300 VUs, 4993812 complete and 0 interrupted iterations
default   [  65% ] 225/300 VUs  4m31.0s/7m00.0s

running (4m32.0s), 226/300 VUs, 5006248 complete and 0 interrupted iterations
default   [  65% ] 226/300 VUs  4m32.0s/7m00.0s

running (4m33.0s), 227/300 VUs, 5022641 complete and 0 interrupted iterations
default   [  65% ] 227/300 VUs  4m33.0s/7m00.0s

running (4m34.0s), 228/300 VUs, 5031760 complete and 0 interrupted iterations
default   [  65% ] 228/300 VUs  4m34.0s/7m00.0s

running (4m35.0s), 229/300 VUs, 5045444 complete and 0 interrupted iterations
default   [  65% ] 229/300 VUs  4m35.0s/7m00.0s

running (4m36.0s), 229/300 VUs, 5060098 complete and 0 interrupted iterations
default   [  66% ] 229/300 VUs  4m36.0s/7m00.0s

running (4m37.0s), 230/300 VUs, 5075600 complete and 0 interrupted iterations
default   [  66% ] 230/300 VUs  4m37.0s/7m00.0s

running (4m38.0s), 231/300 VUs, 5096757 complete and 0 interrupted iterations
default   [  66% ] 231/300 VUs  4m38.0s/7m00.0s

running (4m39.0s), 232/300 VUs, 5115409 complete and 0 interrupted iterations
default   [  66% ] 232/300 VUs  4m39.0s/7m00.0s

running (4m40.0s), 233/300 VUs, 5134405 complete and 0 interrupted iterations
default   [  67% ] 233/300 VUs  4m40.0s/7m00.0s

running (4m41.0s), 234/300 VUs, 5151688 complete and 0 interrupted iterations
default   [  67% ] 234/300 VUs  4m41.0s/7m00.0s

running (4m42.0s), 234/300 VUs, 5172950 complete and 0 interrupted iterations
default   [  67% ] 234/300 VUs  4m42.0s/7m00.0s

running (4m43.0s), 235/300 VUs, 5188568 complete and 0 interrupted iterations
default   [  67% ] 235/300 VUs  4m43.0s/7m00.0s

running (4m44.0s), 236/300 VUs, 5205390 complete and 0 interrupted iterations
default   [  68% ] 236/300 VUs  4m44.0s/7m00.0s

running (4m45.0s), 237/300 VUs, 5222228 complete and 0 interrupted iterations
default   [  68% ] 237/300 VUs  4m45.0s/7m00.0s

running (4m46.0s), 238/300 VUs, 5240345 complete and 0 interrupted iterations
default   [  68% ] 238/300 VUs  4m46.0s/7m00.0s

running (4m47.0s), 239/300 VUs, 5259777 complete and 0 interrupted iterations
default   [  68% ] 239/300 VUs  4m47.0s/7m00.0s

running (4m48.0s), 239/300 VUs, 5282028 complete and 0 interrupted iterations
default   [  69% ] 239/300 VUs  4m48.0s/7m00.0s

running (4m49.0s), 240/300 VUs, 5303381 complete and 0 interrupted iterations
default   [  69% ] 240/300 VUs  4m49.0s/7m00.0s

running (4m50.0s), 241/300 VUs, 5325566 complete and 0 interrupted iterations
default   [  69% ] 241/300 VUs  4m50.0s/7m00.0s

running (4m51.0s), 242/300 VUs, 5346894 complete and 0 interrupted iterations
default   [  69% ] 242/300 VUs  4m51.0s/7m00.0s

running (4m52.0s), 243/300 VUs, 5367513 complete and 0 interrupted iterations
default   [  70% ] 243/300 VUs  4m52.0s/7m00.0s

running (4m53.0s), 244/300 VUs, 5385239 complete and 0 interrupted iterations
default   [  70% ] 244/300 VUs  4m53.0s/7m00.0s

running (4m54.0s), 244/300 VUs, 5400918 complete and 0 interrupted iterations
default   [  70% ] 244/300 VUs  4m54.0s/7m00.0s

running (4m55.0s), 245/300 VUs, 5421670 complete and 0 interrupted iterations
default   [  70% ] 245/300 VUs  4m55.0s/7m00.0s

running (4m56.0s), 246/300 VUs, 5443406 complete and 0 interrupted iterations
default   [  70% ] 246/300 VUs  4m56.0s/7m00.0s

running (4m57.0s), 247/300 VUs, 5463046 complete and 0 interrupted iterations
default   [  71% ] 247/300 VUs  4m57.0s/7m00.0s

running (4m58.0s), 248/300 VUs, 5485125 complete and 0 interrupted iterations
default   [  71% ] 248/300 VUs  4m58.0s/7m00.0s

running (4m59.0s), 249/300 VUs, 5506605 complete and 0 interrupted iterations
default   [  71% ] 249/300 VUs  4m59.0s/7m00.0s

running (5m00.0s), 249/300 VUs, 5528619 complete and 0 interrupted iterations
default   [  71% ] 249/300 VUs  5m00.0s/7m00.0s

running (5m01.0s), 250/300 VUs, 5542912 complete and 0 interrupted iterations
default   [  72% ] 250/300 VUs  5m01.0s/7m00.0s

running (5m02.0s), 251/300 VUs, 5559283 complete and 0 interrupted iterations
default   [  72% ] 251/300 VUs  5m02.0s/7m00.0s

running (5m03.0s), 252/300 VUs, 5575186 complete and 0 interrupted iterations
default   [  72% ] 252/300 VUs  5m03.0s/7m00.0s

running (5m04.0s), 253/300 VUs, 5595856 complete and 0 interrupted iterations
default   [  72% ] 253/300 VUs  5m04.0s/7m00.0s

running (5m05.0s), 254/300 VUs, 5615750 complete and 0 interrupted iterations
default   [  73% ] 254/300 VUs  5m05.0s/7m00.0s

running (5m06.0s), 254/300 VUs, 5637750 complete and 0 interrupted iterations
default   [  73% ] 254/300 VUs  5m06.0s/7m00.0s

running (5m07.0s), 255/300 VUs, 5658151 complete and 0 interrupted iterations
default   [  73% ] 255/300 VUs  5m07.0s/7m00.0s

running (5m08.0s), 256/300 VUs, 5680391 complete and 0 interrupted iterations
default   [  73% ] 256/300 VUs  5m08.0s/7m00.0s

running (5m09.0s), 257/300 VUs, 5698226 complete and 0 interrupted iterations
default   [  74% ] 257/300 VUs  5m09.0s/7m00.0s

running (5m10.0s), 258/300 VUs, 5715097 complete and 0 interrupted iterations
default   [  74% ] 258/300 VUs  5m10.0s/7m00.0s

running (5m11.0s), 259/300 VUs, 5731554 complete and 0 interrupted iterations
default   [  74% ] 259/300 VUs  5m11.0s/7m00.0s

running (5m12.0s), 259/300 VUs, 5752773 complete and 0 interrupted iterations
default   [  74% ] 259/300 VUs  5m12.0s/7m00.0s

running (5m13.0s), 260/300 VUs, 5773409 complete and 0 interrupted iterations
default   [  75% ] 260/300 VUs  5m13.0s/7m00.0s

running (5m14.0s), 261/300 VUs, 5795984 complete and 0 interrupted iterations
default   [  75% ] 261/300 VUs  5m14.0s/7m00.0s

running (5m15.0s), 262/300 VUs, 5816503 complete and 0 interrupted iterations
default   [  75% ] 262/300 VUs  5m15.0s/7m00.0s

running (5m16.0s), 263/300 VUs, 5838303 complete and 0 interrupted iterations
default   [  75% ] 263/300 VUs  5m16.0s/7m00.0s

running (5m17.0s), 264/300 VUs, 5859320 complete and 0 interrupted iterations
default   [  75% ] 264/300 VUs  5m17.0s/7m00.0s

running (5m18.0s), 264/300 VUs, 5881769 complete and 0 interrupted iterations
default   [  76% ] 264/300 VUs  5m18.0s/7m00.0s

running (5m19.0s), 265/300 VUs, 5901512 complete and 0 interrupted iterations
default   [  76% ] 265/300 VUs  5m19.0s/7m00.0s

running (5m20.0s), 266/300 VUs, 5921673 complete and 0 interrupted iterations
default   [  76% ] 266/300 VUs  5m20.0s/7m00.0s

running (5m21.0s), 267/300 VUs, 5936799 complete and 0 interrupted iterations
default   [  76% ] 267/300 VUs  5m21.0s/7m00.0s

running (5m22.0s), 268/300 VUs, 5949649 complete and 0 interrupted iterations
default   [  77% ] 268/300 VUs  5m22.0s/7m00.0s

running (5m23.0s), 269/300 VUs, 5954688 complete and 0 interrupted iterations
default   [  77% ] 269/300 VUs  5m23.0s/7m00.0s

running (5m24.0s), 269/300 VUs, 5962132 complete and 0 interrupted iterations
default   [  77% ] 269/300 VUs  5m24.0s/7m00.0s

running (5m25.0s), 270/300 VUs, 5970428 complete and 0 interrupted iterations
default   [  77% ] 270/300 VUs  5m25.0s/7m00.0s

running (5m26.0s), 271/300 VUs, 5980278 complete and 0 interrupted iterations
default   [  78% ] 271/300 VUs  5m26.0s/7m00.0s

running (5m27.0s), 272/300 VUs, 5987583 complete and 0 interrupted iterations
default   [  78% ] 272/300 VUs  5m27.0s/7m00.0s

running (5m28.0s), 273/300 VUs, 6000869 complete and 0 interrupted iterations
default   [  78% ] 273/300 VUs  5m28.0s/7m00.0s

running (5m29.0s), 274/300 VUs, 6008276 complete and 0 interrupted iterations
default   [  78% ] 274/300 VUs  5m29.0s/7m00.0s

running (5m30.0s), 274/300 VUs, 6019169 complete and 0 interrupted iterations
default   [  79% ] 274/300 VUs  5m30.0s/7m00.0s

running (5m31.0s), 275/300 VUs, 6028818 complete and 0 interrupted iterations
default   [  79% ] 275/300 VUs  5m31.0s/7m00.0s

running (5m32.0s), 276/300 VUs, 6044294 complete and 0 interrupted iterations
default   [  79% ] 276/300 VUs  5m32.0s/7m00.0s

running (5m33.0s), 277/300 VUs, 6056749 complete and 0 interrupted iterations
default   [  79% ] 277/300 VUs  5m33.0s/7m00.0s

running (5m34.0s), 278/300 VUs, 6073251 complete and 0 interrupted iterations
default   [  80% ] 278/300 VUs  5m34.0s/7m00.0s

running (5m35.0s), 279/300 VUs, 6087832 complete and 0 interrupted iterations
default   [  80% ] 279/300 VUs  5m35.0s/7m00.0s

running (5m36.0s), 279/300 VUs, 6105390 complete and 0 interrupted iterations
default   [  80% ] 279/300 VUs  5m36.0s/7m00.0s

running (5m37.0s), 280/300 VUs, 6121265 complete and 0 interrupted iterations
default   [  80% ] 280/300 VUs  5m37.0s/7m00.0s

running (5m38.0s), 281/300 VUs, 6137499 complete and 0 interrupted iterations
default   [  80% ] 281/300 VUs  5m38.0s/7m00.0s

running (5m39.0s), 282/300 VUs, 6146628 complete and 0 interrupted iterations
default   [  81% ] 282/300 VUs  5m39.0s/7m00.0s

running (5m40.0s), 283/300 VUs, 6157403 complete and 0 interrupted iterations
default   [  81% ] 283/300 VUs  5m40.0s/7m00.0s

running (5m41.0s), 284/300 VUs, 6168053 complete and 0 interrupted iterations
default   [  81% ] 284/300 VUs  5m41.0s/7m00.0s

running (5m42.0s), 284/300 VUs, 6185085 complete and 0 interrupted iterations
default   [  81% ] 284/300 VUs  5m42.0s/7m00.0s

running (5m43.0s), 285/300 VUs, 6202408 complete and 0 interrupted iterations
default   [  82% ] 285/300 VUs  5m43.0s/7m00.0s

running (5m44.0s), 286/300 VUs, 6212283 complete and 0 interrupted iterations
default   [  82% ] 286/300 VUs  5m44.0s/7m00.0s

running (5m45.0s), 287/300 VUs, 6221121 complete and 0 interrupted iterations
default   [  82% ] 287/300 VUs  5m45.0s/7m00.0s

running (5m46.0s), 288/300 VUs, 6231213 complete and 0 interrupted iterations
default   [  82% ] 288/300 VUs  5m46.0s/7m00.0s

running (5m47.0s), 289/300 VUs, 6246059 complete and 0 interrupted iterations
default   [  83% ] 289/300 VUs  5m47.0s/7m00.0s

running (5m48.0s), 289/300 VUs, 6260423 complete and 0 interrupted iterations
default   [  83% ] 289/300 VUs  5m48.0s/7m00.0s

running (5m49.0s), 290/300 VUs, 6273491 complete and 0 interrupted iterations
default   [  83% ] 290/300 VUs  5m49.0s/7m00.0s

running (5m50.0s), 291/300 VUs, 6290778 complete and 0 interrupted iterations
default   [  83% ] 291/300 VUs  5m50.0s/7m00.0s

running (5m51.0s), 292/300 VUs, 6302314 complete and 0 interrupted iterations
default   [  84% ] 292/300 VUs  5m51.0s/7m00.0s

running (5m52.0s), 293/300 VUs, 6313702 complete and 0 interrupted iterations
default   [  84% ] 293/300 VUs  5m52.0s/7m00.0s

running (5m53.0s), 294/300 VUs, 6327595 complete and 0 interrupted iterations
default   [  84% ] 294/300 VUs  5m53.0s/7m00.0s

running (5m54.0s), 294/300 VUs, 6343181 complete and 0 interrupted iterations
default   [  84% ] 294/300 VUs  5m54.0s/7m00.0s

running (5m55.0s), 295/300 VUs, 6355593 complete and 0 interrupted iterations
default   [  85% ] 295/300 VUs  5m55.0s/7m00.0s

running (5m56.0s), 296/300 VUs, 6370122 complete and 0 interrupted iterations
default   [  85% ] 296/300 VUs  5m56.0s/7m00.0s

running (5m57.0s), 297/300 VUs, 6384252 complete and 0 interrupted iterations
default   [  85% ] 297/300 VUs  5m57.0s/7m00.0s

running (5m58.0s), 298/300 VUs, 6399939 complete and 0 interrupted iterations
default   [  85% ] 298/300 VUs  5m58.0s/7m00.0s

running (5m59.0s), 299/300 VUs, 6413434 complete and 0 interrupted iterations
default   [  85% ] 299/300 VUs  5m59.0s/7m00.0s

running (6m00.0s), 299/300 VUs, 6429332 complete and 0 interrupted iterations
default   [  86% ] 299/300 VUs  6m00.0s/7m00.0s

running (6m01.0s), 296/300 VUs, 6445827 complete and 0 interrupted iterations
default   [  86% ] 296/300 VUs  6m01.0s/7m00.0s

running (6m02.0s), 291/300 VUs, 6459953 complete and 0 interrupted iterations
default   [  86% ] 291/300 VUs  6m02.0s/7m00.0s

running (6m03.0s), 286/300 VUs, 6475164 complete and 0 interrupted iterations
default   [  86% ] 286/300 VUs  6m03.0s/7m00.0s

running (6m04.0s), 281/300 VUs, 6490146 complete and 0 interrupted iterations
default   [  87% ] 281/300 VUs  6m04.0s/7m00.0s

running (6m05.0s), 276/300 VUs, 6507065 complete and 0 interrupted iterations
default   [  87% ] 276/300 VUs  6m05.0s/7m00.0s

running (6m06.0s), 271/300 VUs, 6524294 complete and 0 interrupted iterations
default   [  87% ] 271/300 VUs  6m06.0s/7m00.0s

running (6m07.0s), 266/300 VUs, 6539139 complete and 0 interrupted iterations
default   [  87% ] 266/300 VUs  6m07.0s/7m00.0s

running (6m08.0s), 261/300 VUs, 6554284 complete and 0 interrupted iterations
default   [  88% ] 261/300 VUs  6m08.0s/7m00.0s

running (6m09.0s), 256/300 VUs, 6565923 complete and 0 interrupted iterations
default   [  88% ] 256/300 VUs  6m09.0s/7m00.0s

running (6m10.0s), 251/300 VUs, 6578649 complete and 0 interrupted iterations
default   [  88% ] 251/300 VUs  6m10.0s/7m00.0s

running (6m11.0s), 246/300 VUs, 6582802 complete and 0 interrupted iterations
default   [  88% ] 246/300 VUs  6m11.0s/7m00.0s

running (6m12.0s), 241/300 VUs, 6596817 complete and 0 interrupted iterations
default   [  89% ] 241/300 VUs  6m12.0s/7m00.0s

running (6m13.0s), 236/300 VUs, 6607241 complete and 0 interrupted iterations
default   [  89% ] 236/300 VUs  6m13.0s/7m00.0s

running (6m14.0s), 231/300 VUs, 6621529 complete and 0 interrupted iterations
default   [  89% ] 231/300 VUs  6m14.0s/7m00.0s

running (6m15.0s), 226/300 VUs, 6629107 complete and 0 interrupted iterations
default   [  89% ] 226/300 VUs  6m15.0s/7m00.0s

running (6m16.0s), 221/300 VUs, 6640537 complete and 0 interrupted iterations
default   [  90% ] 221/300 VUs  6m16.0s/7m00.0s

running (6m17.0s), 216/300 VUs, 6653067 complete and 0 interrupted iterations
default   [  90% ] 216/300 VUs  6m17.0s/7m00.0s

running (6m18.0s), 211/300 VUs, 6667628 complete and 0 interrupted iterations
default   [  90% ] 211/300 VUs  6m18.0s/7m00.0s

running (6m19.0s), 206/300 VUs, 6679847 complete and 0 interrupted iterations
default   [  90% ] 206/300 VUs  6m19.0s/7m00.0s

running (6m20.0s), 201/300 VUs, 6695065 complete and 0 interrupted iterations
default   [  90% ] 201/300 VUs  6m20.0s/7m00.0s

running (6m21.0s), 196/300 VUs, 6710701 complete and 0 interrupted iterations
default   [  91% ] 196/300 VUs  6m21.0s/7m00.0s

running (6m22.0s), 191/300 VUs, 6726391 complete and 0 interrupted iterations
default   [  91% ] 191/300 VUs  6m22.0s/7m00.0s

running (6m23.0s), 186/300 VUs, 6740826 complete and 0 interrupted iterations
default   [  91% ] 186/300 VUs  6m23.0s/7m00.0s

running (6m24.0s), 181/300 VUs, 6755307 complete and 0 interrupted iterations
default   [  91% ] 181/300 VUs  6m24.0s/7m00.0s

running (6m25.0s), 176/300 VUs, 6770246 complete and 0 interrupted iterations
default   [  92% ] 176/300 VUs  6m25.0s/7m00.0s

running (6m26.0s), 171/300 VUs, 6781881 complete and 0 interrupted iterations
default   [  92% ] 171/300 VUs  6m26.0s/7m00.0s

running (6m27.0s), 166/300 VUs, 6797422 complete and 0 interrupted iterations
default   [  92% ] 166/300 VUs  6m27.0s/7m00.0s

running (6m28.0s), 161/300 VUs, 6813658 complete and 0 interrupted iterations
default   [  92% ] 161/300 VUs  6m28.0s/7m00.0s

running (6m29.0s), 156/300 VUs, 6826627 complete and 0 interrupted iterations
default   [  93% ] 156/300 VUs  6m29.0s/7m00.0s

running (6m30.0s), 151/300 VUs, 6842469 complete and 0 interrupted iterations
default   [  93% ] 151/300 VUs  6m30.0s/7m00.0s

running (6m31.0s), 146/300 VUs, 6855688 complete and 0 interrupted iterations
default   [  93% ] 146/300 VUs  6m31.0s/7m00.0s

running (6m32.0s), 141/300 VUs, 6868795 complete and 0 interrupted iterations
default   [  93% ] 141/300 VUs  6m32.0s/7m00.0s

running (6m33.0s), 136/300 VUs, 6883120 complete and 0 interrupted iterations
default   [  94% ] 136/300 VUs  6m33.0s/7m00.0s

running (6m34.0s), 131/300 VUs, 6899046 complete and 0 interrupted iterations
default   [  94% ] 131/300 VUs  6m34.0s/7m00.0s

running (6m35.0s), 126/300 VUs, 6914653 complete and 0 interrupted iterations
default   [  94% ] 126/300 VUs  6m35.0s/7m00.0s

running (6m36.0s), 121/300 VUs, 6926752 complete and 0 interrupted iterations
default   [  94% ] 121/300 VUs  6m36.0s/7m00.0s

running (6m37.0s), 116/300 VUs, 6940908 complete and 0 interrupted iterations
default   [  95% ] 116/300 VUs  6m37.0s/7m00.0s

running (6m38.0s), 111/300 VUs, 6955104 complete and 0 interrupted iterations
default   [  95% ] 111/300 VUs  6m38.0s/7m00.0s

running (6m39.0s), 106/300 VUs, 6962636 complete and 0 interrupted iterations
default   [  95% ] 106/300 VUs  6m39.0s/7m00.0s

running (6m40.0s), 101/300 VUs, 6970887 complete and 0 interrupted iterations
default   [  95% ] 101/300 VUs  6m40.0s/7m00.0s

running (6m41.0s), 096/300 VUs, 6984134 complete and 0 interrupted iterations
default   [  95% ] 096/300 VUs  6m41.0s/7m00.0s

running (6m42.0s), 091/300 VUs, 6994585 complete and 0 interrupted iterations
default   [  96% ] 091/300 VUs  6m42.0s/7m00.0s

running (6m43.0s), 086/300 VUs, 7009333 complete and 0 interrupted iterations
default   [  96% ] 086/300 VUs  6m43.0s/7m00.0s

running (6m44.0s), 081/300 VUs, 7027616 complete and 0 interrupted iterations
default   [  96% ] 081/300 VUs  6m44.0s/7m00.0s

running (6m45.0s), 076/300 VUs, 7041635 complete and 0 interrupted iterations
default   [  96% ] 076/300 VUs  6m45.0s/7m00.0s

running (6m46.0s), 071/300 VUs, 7059364 complete and 0 interrupted iterations
default   [  97% ] 071/300 VUs  6m46.0s/7m00.0s

running (6m47.0s), 066/300 VUs, 7077064 complete and 0 interrupted iterations
default   [  97% ] 066/300 VUs  6m47.0s/7m00.0s

running (6m48.0s), 061/300 VUs, 7094674 complete and 0 interrupted iterations
default   [  97% ] 061/300 VUs  6m48.0s/7m00.0s

running (6m49.0s), 056/300 VUs, 7110504 complete and 0 interrupted iterations
default   [  97% ] 056/300 VUs  6m49.0s/7m00.0s

running (6m50.0s), 051/300 VUs, 7125564 complete and 0 interrupted iterations
default   [  98% ] 051/300 VUs  6m50.0s/7m00.0s

running (6m51.0s), 046/300 VUs, 7140449 complete and 0 interrupted iterations
default   [  98% ] 046/300 VUs  6m51.0s/7m00.0s

running (6m52.0s), 041/300 VUs, 7155599 complete and 0 interrupted iterations
default   [  98% ] 041/300 VUs  6m52.0s/7m00.0s

running (6m53.0s), 036/300 VUs, 7168130 complete and 0 interrupted iterations
default   [  98% ] 036/300 VUs  6m53.0s/7m00.0s

running (6m54.0s), 031/300 VUs, 7185683 complete and 0 interrupted iterations
default   [  99% ] 031/300 VUs  6m54.0s/7m00.0s

running (6m55.0s), 026/300 VUs, 7199980 complete and 0 interrupted iterations
default   [  99% ] 026/300 VUs  6m55.0s/7m00.0s

running (6m56.0s), 021/300 VUs, 7213890 complete and 0 interrupted iterations
default   [  99% ] 021/300 VUs  6m56.0s/7m00.0s

running (6m57.0s), 016/300 VUs, 7225700 complete and 0 interrupted iterations
default   [  99% ] 016/300 VUs  6m57.0s/7m00.0s

running (6m58.0s), 011/300 VUs, 7237900 complete and 0 interrupted iterations
default   [ 100% ] 011/300 VUs  6m58.0s/7m00.0s

running (6m59.0s), 006/300 VUs, 7245990 complete and 0 interrupted iterations
default   [ 100% ] 006/300 VUs  6m59.0s/7m00.0s

running (7m00.0s), 001/300 VUs, 7249810 complete and 0 interrupted iterations
default   [ 100% ] 001/300 VUs  7m00.0s/7m00.0s

running (7m00.0s), 000/300 VUs, 7249857 complete and 0 interrupted iterations
default ✓ [ 100% ] 000/300 VUs  7m0s

running (7m00.0s), 000/300 VUs, 7249857 complete and 0 interrupted iterations
default ✓ [ 100% ] 000/300 VUs  7m0s


  █ THRESHOLDS 

    http_req_duration
    ✓ 'p(95)<2000' p(95)=21.75ms

    http_req_failed
    ✓ 'rate<0.05' rate=0.00%


  █ TOTAL RESULTS 

    checks_total.......: 7249857 17261.021344/s
    checks_succeeded...: 100.00% 7249857 out of 7249857
    checks_failed......: 0.00%   0 out of 7249857

    ✓ is 200

    HTTP
    http_req_duration..............: avg=8.64ms min=194µs    med=6.71ms max=486.68ms p(90)=17ms    p(95)=21.75ms
      { expected_response:true }...: avg=8.64ms min=194µs    med=6.71ms max=486.68ms p(90)=17ms    p(95)=21.75ms
    http_req_failed................: 0.00%   0 out of 7249857
    http_reqs......................: 7249857 17261.021344/s

    EXECUTION
    iteration_duration.............: avg=8.67ms min=208.29µs med=6.74ms max=486.71ms p(90)=17.04ms p(95)=21.79ms
    iterations.....................: 7249857 17261.021344/s
    vus............................: 1       min=1            max=299
    vus_max........................: 300     min=300          max=300

    NETWORK
    data_received..................: 22 GB   52 MB/s
    data_sent......................: 921 MB  2.2 MB/s




running (7m00.0s), 000/300 VUs, 7249857 complete and 0 interrupted iterations
default ✓ [ 100% ] 000/300 VUs  7m0s
